<?xml version="1.0" encoding="UTF-8"?>
<testng-results skipped="0" failed="0" total="4" passed="4">
  <reporter-output>
  </reporter-output>
  <suite name="Suite" duration-ms="1614" started-at="2018-03-15T08:00:19Z" finished-at="2018-03-15T08:00:20Z">
    <groups>
    </groups>
    <test name="Test" duration-ms="1614" started-at="2018-03-15T08:00:19Z" finished-at="2018-03-15T08:00:20Z">
      <class name="baba.NewTest">
        <test-method status="PASS" signature="beforeClass()[pri:0, instance:baba.NewTest@29ee9faa]" name="beforeClass" is-config="true" duration-ms="8" started-at="2018-03-15T16:00:19Z" finished-at="2018-03-15T16:00:19Z">
          <reporter-output>
          </reporter-output>
        </test-method> <!-- beforeClass -->
        <test-method status="PASS" signature="gogo()[pri:0, instance:baba.NewTest@29ee9faa]" name="gogo" duration-ms="1574" started-at="2018-03-15T16:00:19Z" finished-at="2018-03-15T16:00:20Z">
          <reporter-output>
          </reporter-output>
        </test-method> <!-- gogo -->
        <test-method status="PASS" signature="gogogo(java.lang.String, int, int, int)[pri:0, instance:baba.NewTest@29ee9faa]" name="gogogo" duration-ms="4" started-at="2018-03-15T16:00:20Z" data-provider="testData1" finished-at="2018-03-15T16:00:20Z">
          <params>
            <param index="0">
              <value>
                <![CDATA[test1]]>
              </value>
            </param>
            <param index="1">
              <value>
                <![CDATA[1]]>
              </value>
            </param>
            <param index="2">
              <value>
                <![CDATA[2]]>
              </value>
            </param>
            <param index="3">
              <value>
                <![CDATA[3]]>
              </value>
            </param>
          </params>
          <reporter-output>
          </reporter-output>
        </test-method> <!-- gogogo -->
        <test-method status="PASS" signature="gogogo(java.lang.String, int, int, int)[pri:0, instance:baba.NewTest@29ee9faa]" name="gogogo" duration-ms="3" started-at="2018-03-15T16:00:20Z" data-provider="testData1" finished-at="2018-03-15T16:00:20Z">
          <params>
            <param index="0">
              <value>
                <![CDATA[test2]]>
              </value>
            </param>
            <param index="1">
              <value>
                <![CDATA[2]]>
              </value>
            </param>
            <param index="2">
              <value>
                <![CDATA[8]]>
              </value>
            </param>
            <param index="3">
              <value>
                <![CDATA[10]]>
              </value>
            </param>
          </params>
          <reporter-output>
          </reporter-output>
        </test-method> <!-- gogogo -->
        <test-method status="PASS" signature="gogogo(java.lang.String, int, int, int)[pri:0, instance:baba.NewTest@29ee9faa]" name="gogogo" duration-ms="1" started-at="2018-03-15T16:00:20Z" data-provider="testData1" finished-at="2018-03-15T16:00:20Z">
          <params>
            <param index="0">
              <value>
                <![CDATA[test3]]>
              </value>
            </param>
            <param index="1">
              <value>
                <![CDATA[3]]>
              </value>
            </param>
            <param index="2">
              <value>
                <![CDATA[4]]>
              </value>
            </param>
            <param index="3">
              <value>
                <![CDATA[7]]>
              </value>
            </param>
          </params>
          <reporter-output>
          </reporter-output>
        </test-method> <!-- gogogo -->
        <test-method status="PASS" signature="afterClass()[pri:0, instance:baba.NewTest@29ee9faa]" name="afterClass" is-config="true" duration-ms="1" started-at="2018-03-15T16:00:20Z" finished-at="2018-03-15T16:00:20Z">
          <reporter-output>
          </reporter-output>
        </test-method> <!-- afterClass -->
      </class> <!-- baba.NewTest -->
    </test> <!-- Test -->
  </suite> <!-- Suite -->
</testng-results>
