<?xml version="1.0" encoding="UTF-8"?>
<testng-results skipped="0" failed="0" total="2" passed="2">
  <reporter-output>
  </reporter-output>
  <suite name="Default suite" duration-ms="10273" started-at="2014-05-19T10:49:46Z" finished-at="2014-05-19T10:49:56Z">
    <groups>
    </groups>
    <test name="Default test" duration-ms="10273" started-at="2014-05-19T10:49:46Z" finished-at="2014-05-19T10:49:56Z">
      <class name="com.baidu.gameqa.wuat.demo.DemoTest">
        <test-method status="PASS" signature="beforeTest()[pri:0, instance:com.baidu.gameqa.wuat.demo.DemoTest@e5b723]" name="beforeTest" is-config="true" duration-ms="11" started-at="2014-05-19T18:49:46Z" finished-at="2014-05-19T18:49:46Z">
          <reporter-output>
          </reporter-output>
        </test-method> <!-- beforeTest -->
        <test-method status="PASS" signature="doubipaytest()[pri:0, instance:com.baidu.gameqa.wuat.demo.DemoTest@e5b723]" name="doubipaytest" duration-ms="10225" started-at="2014-05-19T18:49:46Z" finished-at="2014-05-19T18:49:56Z">
          <reporter-output>
          </reporter-output>
        </test-method> <!-- doubipaytest -->
        <test-method status="PASS" signature="f()[pri:0, instance:com.baidu.gameqa.wuat.demo.DemoTest@e5b723]" name="f" duration-ms="2" started-at="2014-05-19T18:49:56Z" finished-at="2014-05-19T18:49:56Z">
          <reporter-output>
          </reporter-output>
        </test-method> <!-- f -->
        <test-method status="PASS" signature="afterTest()[pri:0, instance:com.baidu.gameqa.wuat.demo.DemoTest@e5b723]" name="afterTest" is-config="true" duration-ms="13" started-at="2014-05-19T18:49:56Z" finished-at="2014-05-19T18:49:56Z">
          <reporter-output>
          </reporter-output>
        </test-method> <!-- afterTest -->
      </class> <!-- com.baidu.gameqa.wuat.demo.DemoTest -->
    </test> <!-- Default test -->
  </suite> <!-- Default suite -->
</testng-results>
