<?xml version="1.0" encoding="UTF-8"?>
<testng-results skipped="0" failed="1" total="1" passed="0">
  <reporter-output>
  </reporter-output>
  <suite name="Default suite" duration-ms="209" started-at="2014-08-22T08:37:45Z" finished-at="2014-08-22T08:37:46Z">
    <groups>
    </groups>
    <test name="Default test" duration-ms="209" started-at="2014-08-22T08:37:45Z" finished-at="2014-08-22T08:37:46Z">
      <class name="com.baidu.gameqa.generation.CreateLandingPageTestCase">
        <test-method status="PASS" signature="beforeTestMethod()[pri:0, instance:com.baidu.gameqa.generation.CreateLandingPageTestCase@1feca64]" name="beforeTestMethod" is-config="true" duration-ms="5" started-at="2014-08-22T16:37:45Z" finished-at="2014-08-22T16:37:45Z">
          <reporter-output>
          </reporter-output>
        </test-method> <!-- beforeTestMethod -->
        <test-method status="PASS" signature="beforeMethod()[pri:0, instance:com.baidu.gameqa.generation.CreateLandingPageTestCase@1feca64]" name="beforeMethod" is-config="true" duration-ms="1" started-at="2014-08-22T16:37:45Z" finished-at="2014-08-22T16:37:45Z">
          <reporter-output>
          </reporter-output>
        </test-method> <!-- beforeMethod -->
        <test-method status="FAIL" signature="nihao()[pri:0, instance:com.baidu.gameqa.generation.CreateLandingPageTestCase@1feca64]" name="nihao" duration-ms="192" started-at="2014-08-22T16:37:45Z" finished-at="2014-08-22T16:37:46Z">
          <exception class="java.lang.NoClassDefFoundError">
            <message>
              <![CDATA[org/apache/commons/exec/ExecuteWatchdog]]>
            </message>
            <full-stacktrace>
              <![CDATA[java.lang.NoClassDefFoundError: org/apache/commons/exec/ExecuteWatchdog
	at org.openqa.selenium.os.CommandLine.<init>(CommandLine.java:38)
	at org.openqa.selenium.remote.service.DriverService.start(DriverService.java:157)
	at org.openqa.selenium.remote.service.DriverCommandExecutor.execute(DriverCommandExecutor.java:62)
	at org.openqa.selenium.remote.RemoteWebDriver.execute(RemoteWebDriver.java:546)
	at org.openqa.selenium.remote.RemoteWebDriver.startSession(RemoteWebDriver.java:218)
	at org.openqa.selenium.remote.RemoteWebDriver.startSession(RemoteWebDriver.java:203)
	at org.openqa.selenium.ie.InternetExplorerDriver.run(InternetExplorerDriver.java:193)
	at org.openqa.selenium.ie.InternetExplorerDriver.<init>(InternetExplorerDriver.java:183)
	at org.openqa.selenium.ie.InternetExplorerDriver.<init>(InternetExplorerDriver.java:166)
	at com.baidu.gameqa.Gat.uia.webautomation.WebBrowser.<init>(Unknown Source)
	at com.baidu.gameqa.Gat.executor.WebUIStepsExecutor.<init>(Unknown Source)
	at com.baidu.gameqa.generation.CreateLandingPageTestCase.nihao(CreateLandingPageTestCase.java:26)
	at sun.reflect.NativeMethodAccessorImpl.invoke0(Native Method)
	at sun.reflect.NativeMethodAccessorImpl.invoke(Unknown Source)
	at sun.reflect.DelegatingMethodAccessorImpl.invoke(Unknown Source)
	at java.lang.reflect.Method.invoke(Unknown Source)
	at org.testng.internal.MethodInvocationHelper.invokeMethod(MethodInvocationHelper.java:84)
	at org.testng.internal.Invoker.invokeMethod(Invoker.java:714)
	at org.testng.internal.Invoker.invokeTestMethod(Invoker.java:901)
	at org.testng.internal.Invoker.invokeTestMethods(Invoker.java:1231)
	at org.testng.internal.TestMethodWorker.invokeTestMethods(TestMethodWorker.java:127)
	at org.testng.internal.TestMethodWorker.run(TestMethodWorker.java:111)
	at org.testng.TestRunner.privateRun(TestRunner.java:767)
	at org.testng.TestRunner.run(TestRunner.java:617)
	at org.testng.SuiteRunner.runTest(SuiteRunner.java:334)
	at org.testng.SuiteRunner.runSequentially(SuiteRunner.java:329)
	at org.testng.SuiteRunner.privateRun(SuiteRunner.java:291)
	at org.testng.SuiteRunner.run(SuiteRunner.java:240)
	at org.testng.SuiteRunnerWorker.runSuite(SuiteRunnerWorker.java:52)
	at org.testng.SuiteRunnerWorker.run(SuiteRunnerWorker.java:86)
	at org.testng.TestNG.runSuitesSequentially(TestNG.java:1224)
	at org.testng.TestNG.runSuitesLocally(TestNG.java:1149)
	at org.testng.TestNG.run(TestNG.java:1057)
	at org.testng.remote.RemoteTestNG.run(RemoteTestNG.java:111)
	at org.testng.remote.RemoteTestNG.initAndRun(RemoteTestNG.java:204)
	at org.testng.remote.RemoteTestNG.main(RemoteTestNG.java:175)
Caused by: java.lang.ClassNotFoundException: org.apache.commons.exec.ExecuteWatchdog
	at java.net.URLClassLoader$1.run(Unknown Source)
	at java.security.AccessController.doPrivileged(Native Method)
	at java.net.URLClassLoader.findClass(Unknown Source)
	at java.lang.ClassLoader.loadClass(Unknown Source)
	at sun.misc.Launcher$AppClassLoader.loadClass(Unknown Source)
	at java.lang.ClassLoader.loadClass(Unknown Source)
	at java.lang.ClassLoader.loadClassInternal(Unknown Source)
	... 36 more
]]>
            </full-stacktrace>
          </exception> <!-- java.lang.NoClassDefFoundError -->
          <reporter-output>
          </reporter-output>
        </test-method> <!-- nihao -->
        <test-method status="PASS" signature="afterClassMethod()[pri:0, instance:com.baidu.gameqa.generation.CreateLandingPageTestCase@1feca64]" name="afterClassMethod" is-config="true" duration-ms="0" started-at="2014-08-22T16:37:46Z" finished-at="2014-08-22T16:37:46Z">
          <reporter-output>
          </reporter-output>
        </test-method> <!-- afterClassMethod -->
        <test-method status="PASS" signature="afterMethod()[pri:0, instance:com.baidu.gameqa.generation.CreateLandingPageTestCase@1feca64]" name="afterMethod" is-config="true" duration-ms="0" started-at="2014-08-22T16:37:46Z" finished-at="2014-08-22T16:37:46Z">
          <reporter-output>
          </reporter-output>
        </test-method> <!-- afterMethod -->
      </class> <!-- com.baidu.gameqa.generation.CreateLandingPageTestCase -->
    </test> <!-- Default test -->
  </suite> <!-- Default suite -->
</testng-results>
