<?xml version="1.0" encoding="UTF-8"?>
<!-- Generated by org.testng.reporters.JUnitXMLReporter -->
<testsuite hostname="bogon" name="Test" tests="4" failures="0" timestamp="15 Mar 2018 08:00:20 GMT" time="1.614" errors="0">
  <testcase name="gogo" time="1.574" classname="baba.NewTest"/>
  <testcase name="gogogo" time="0.004" classname="baba.NewTest"/>
  <testcase name="gogogo" time="0.003" classname="baba.NewTest"/>
  <testcase name="gogogo" time="0.001" classname="baba.NewTest"/>
</testsuite> <!-- Test -->
