<?xml version="1.0" encoding="UTF-8"?>
<testng-results skipped="0" failed="0" total="1" passed="1">
  <reporter-output>
  </reporter-output>
  <suite name="Default suite" duration-ms="1587" started-at="2015-03-05T06:34:00Z" finished-at="2015-03-05T06:34:02Z">
    <groups>
    </groups>
    <test name="Default test" duration-ms="1587" started-at="2015-03-05T06:34:00Z" finished-at="2015-03-05T06:34:02Z">
      <class name="com.baidu.gameqa.generation.Member__Query_Personal_Growth">
        <test-method status="PASS" signature="beforeTestMethod()[pri:0, instance:com.baidu.gameqa.generation.Member__Query_Personal_Growth@148cc8c]" name="beforeTestMethod" is-config="true" duration-ms="8" started-at="2015-03-05T14:34:00Z" finished-at="2015-03-05T14:34:00Z">
          <reporter-output>
          </reporter-output>
        </test-method> <!-- beforeTestMethod -->
        <test-method status="PASS" signature="TestCase01()[pri:0, instance:com.baidu.gameqa.generation.Member__Query_Personal_Growth@148cc8c]" name="TestCase01" duration-ms="1567" started-at="2015-03-05T14:34:00Z" finished-at="2015-03-05T14:34:02Z">
          <reporter-output>
          </reporter-output>
        </test-method> <!-- TestCase01 -->
        <test-method status="PASS" signature="beforeMethod()[pri:0, instance:com.baidu.gameqa.generation.Member__Query_Personal_Growth@148cc8c]" name="beforeMethod" is-config="true" duration-ms="0" started-at="2015-03-05T14:34:00Z" finished-at="2015-03-05T14:34:00Z">
          <reporter-output>
          </reporter-output>
        </test-method> <!-- beforeMethod -->
        <test-method status="PASS" signature="afterMethod()[pri:0, instance:com.baidu.gameqa.generation.Member__Query_Personal_Growth@148cc8c]" name="afterMethod" is-config="true" duration-ms="0" started-at="2015-03-05T14:34:02Z" finished-at="2015-03-05T14:34:02Z">
          <reporter-output>
          </reporter-output>
        </test-method> <!-- afterMethod -->
        <test-method status="PASS" signature="afterClassMethod()[pri:0, instance:com.baidu.gameqa.generation.Member__Query_Personal_Growth@148cc8c]" name="afterClassMethod" is-config="true" duration-ms="0" started-at="2015-03-05T14:34:02Z" finished-at="2015-03-05T14:34:02Z">
          <reporter-output>
          </reporter-output>
        </test-method> <!-- afterClassMethod -->
      </class> <!-- com.baidu.gameqa.generation.Member__Query_Personal_Growth -->
    </test> <!-- Default test -->
  </suite> <!-- Default suite -->
</testng-results>
